<?xml version="1.0" encoding="utf-8"?><testsuites><testsuite name="pytest" errors="0" failures="0" skipped="0" tests="7" time="0.042" timestamp="2023-09-24T00:19:04.828106" hostname="jackson-81v7"><testcase classname="tests.test_bytebank.TestBytebank" name="test_age_when_input_is_valid" time="0.001" /><testcase classname="tests.test_bytebank.TestBytebank" name="test_get_full_name" time="0.001" /><testcase classname="tests.test_bytebank.TestBytebank" name="test_calculate_credits" time="0.000" /><testcase classname="tests.test_bytebank.TestBytebank" name="test_calculate_credits_if_salary_is_20000_should_return_exception" time="0.001" /><testcase classname="tests.test_bytebank.TestBytebank" name="test_get_last_name" time="0.000" /><testcase classname="tests.test_bytebank.TestBytebank" name="test_partner_salary_decrease_when_receive_100000_return_90000" time="0.000" /><testcase classname="tests.test_bytebank.TestBytebank" name="test_member_salary_decrease_when_receive_100000_return_10000" time="0.000" /></testsuite></testsuites>